# Activity Log

## Run Summary
- 2026-01-20 19:24:26 | run=20260120-175122-20544 | iter=10 | mode=build | story=US-009 | duration=587s | status=success
- 2026-01-20 19:14:37 | run=20260120-175122-20544 | iter=9 | mode=build | story=US-008 | duration=832s | status=success
- 2026-01-20 19:00:43 | run=20260120-175122-20544 | iter=8 | mode=build | story=US-007 | duration=651s | status=success
- 2026-01-20 18:49:50 | run=20260120-175122-20544 | iter=7 | mode=build | story=US-006 | duration=322s | status=success
- 2026-01-20 18:44:26 | run=20260120-175122-20544 | iter=6 | mode=build | story=US-005 | duration=372s | status=success
- 2026-01-20 18:38:12 | run=20260120-175122-20544 | iter=5 | mode=build | story=US-004 | duration=396s | status=success
- 2026-01-20 18:31:34 | run=20260120-175122-20544 | iter=4 | mode=build | story=US-003A | duration=570s | status=success
- 2026-01-20 18:22:02 | run=20260120-175122-20544 | iter=3 | mode=build | story=US-003 | duration=755s | status=success
- 2026-01-20 18:09:25 | run=20260120-175122-20544 | iter=2 | mode=build | story=US-002 | duration=733s | status=success
- 2026-01-20 17:57:10 | run=20260120-175122-20544 | iter=1 | mode=build | story=US-001 | duration=348s | status=success

## Events

[2026-01-20 17:51:22] ITERATION 1 start (mode=build story=US-001)
2026-01-20T17:51:51Z Start US-001 work
2026-01-20T17:53:30Z Added ris_core module and tests
2026-01-20T17:53:42Z Ran tests (python missing, pytest missing for python3)
2026-01-20T17:54:24Z Refined local frame fallback and phase quantization
2026-01-20T17:54:36Z Re-ran tests (python/pytest missing)
2026-01-20T17:56:03Z Updated progress log for US-001
[2026-01-20 17:57:10] ITERATION 1 end (duration=348s)
[2026-01-20 17:57:12] ITERATION 2 start (mode=build story=US-002)
[2026-01-20 17:57:28] Start US-002 work
[2026-01-20 18:01:29] Implemented RIS Lab config schema and tests
[2026-01-20 18:01:54] Ran tests: pytest
[2026-01-20 18:03:12] Re-ran tests after config update
[2026-01-20 18:07:01] Updated progress log for US-002
[2026-01-20 18:08:31] Adjusted progress log commit list
[2026-01-20 18:09:25] ITERATION 2 end (duration=733s)
[2026-01-20 18:09:27] ITERATION 3 start (mode=build story=US-003)
[2026-01-20 18:09:53] Start US-003 work
[2026-01-20 18:15:12] Implemented RIS Lab CLI runner and validation module
[2026-01-20 18:15:55] Ran pytest via .venv/bin/python
[2026-01-20 18:20:56] Updated progress log for US-003
[2026-01-20 18:22:02] ITERATION 3 end (duration=755s)
[2026-01-20 18:22:04] ITERATION 4 start (mode=build story=US-003A)
[2026-01-20 18:22:26] Start US-003A work: wire RIS Lab into sim_jobs/sim_server
[2026-01-20 18:27:32] Implemented RIS Lab job progress and sim_jobs/sim_server wiring
[2026-01-20 18:27:58] Ran pytest via .venv/bin/python
[2026-01-20 18:30:52] Updated progress log for US-003A
[2026-01-20 18:31:34] ITERATION 4 end (duration=570s)
[2026-01-20 18:31:36] ITERATION 5 start (mode=build story=US-004)
[2026-01-20 18:31:55] Start US-004 work
[2026-01-20 18:33:17] Implemented pattern mode sidelobe metrics and length validation
[2026-01-20 18:33:28] Ran tests (pytest not available)
[2026-01-20 18:34:47] Ran pytest via .venv/bin/python
[2026-01-20 18:35:22] Updated progress log for US-004
[2026-01-20 18:38:12] ITERATION 5 end (duration=396s)
[2026-01-20 18:38:15] ITERATION 6 start (mode=build story=US-005)
[2026-01-20 18:38:41] Start US-005 validation harness
[2026-01-20 18:39:23] Update CSV validation errors to include field list
[2026-01-20 18:39:35] Run tests: python -m pytest (python missing) then python3 -m pytest (pytest missing)
[2026-01-20 18:42:57] Append US-005 progress entry
[2026-01-20 18:44:26] ITERATION 6 end (duration=372s)
[2026-01-20 18:44:28] ITERATION 7 start (mode=build story=US-006)
[2026-01-20 18:44:59] Start US-006 work
[2026-01-20 18:46:04] Implemented NPZ reference loading and tests
[2026-01-20 18:46:12] Ran pytest (python missing; python3 missing pytest)
[2026-01-20 18:47:55] Updated progress log for US-006
[2026-01-20 18:49:50] ITERATION 7 end (duration=322s)
[2026-01-20 18:49:52] ITERATION 8 start (mode=build story=US-007)
[2026-01-20 18:50:16] Start US-007 MAT import support
[2026-01-20 18:52:34] Implemented MAT reference loader with optional scipy dependency
[2026-01-20 18:52:51] Ran tests: /home/josh/Documents/Github/RIS_SIONNA/.venv/bin/python -m pytest
[2026-01-20 18:57:08] Updated progress log for US-007
[2026-01-20 19:00:43] ITERATION 8 end (duration=651s)
[2026-01-20 19:00:46] ITERATION 9 start (mode=build story=US-008)
[2026-01-20 19:01:16] Start US-008 RIS Lab UI tab work
[2026-01-20 19:06:17] Updated sim_web UI for RIS Lab tabs and logic
[2026-01-20 19:08:39] Ran pytest and browser verification for RIS Lab UI
[2026-01-20 19:12:02] Updated progress log for US-008
[2026-01-20 19:14:37] ITERATION 9 end (duration=832s)
[2026-01-20 19:14:40] ITERATION 10 start (mode=build story=US-009)
[2026-01-20 19:14:58] Start US-009 regression test fixture and validation tests
[2026-01-20 19:17:40] Added RIS Lab validation fixture test and CSV fixture
[2026-01-20 19:17:52] Ran pytest for US-009
[2026-01-20 19:18:44] Normalized RIS validation CSV fixture line endings
[2026-01-20 19:18:52] Re-ran pytest after fixture update
[2026-01-20 19:20:55] Updated progress log for US-009
[2026-01-20 19:24:26] ITERATION 10 end (duration=587s)
[2026-01-20 19:24:28] ITERATION 11 start (mode=build story=US-010)
[2026-01-20 19:24:38] Start US-010 docs/config examples
[2026-01-20 19:26:28] Added RIS Lab docs section and example configs
[2026-01-20 19:26:42] Tests attempted: python -m pytest (missing), python3 -m pytest (pytest not installed)
[2026-01-20 19:29:23] Updated progress log for US-010
